One matching license found for this product: synplifypro_gowin

Starting:    C:\Gowin\Gowin_YunYuan_V1.9.0Beta\SynplifyPro\bin64\mbin\synbatch.exe
Install:     C:\Gowin\Gowin_YunYuan_V1.9.0Beta\SynplifyPro
Hostname:    LAPTOP-7P3FEATO
Date:        Mon Apr 29 15:20:52 2019
Version:     O-2018.09G-SP1

Arguments:   -product synplify_pro -batch C:/Users/Grant/Documents/Gowin/IID_BroadKey/IID_BroadKey.git/trunk/fpga/impl/synplify/gowin_empu.prj
ProductType: synplify_pro

License checkout: synplifypro_gowin
License: synplifypro_gowin node-locked 
Licensed Vendor: gowin

Running in Vendor Mode

log file: "C:\Users\Grant\Documents\Gowin\IID_BroadKey\IID_BroadKey.git\trunk\fpga\impl\synplify\rev_1\gowin_empu.srr"
Running: rev_1 in foreground

Running gowin_empu|rev_1

Running Flow: compile (Compile) on gowin_empu|rev_1
# Mon Apr 29 15:20:52 2019

Running Flow: compile_flow (Compile Process) on gowin_empu|rev_1
# Mon Apr 29 15:20:52 2019

Running: compiler (Compile Input) on gowin_empu|rev_1
# Mon Apr 29 15:20:52 2019
Copied C:\Users\Grant\Documents\Gowin\IID_BroadKey\IID_BroadKey.git\trunk\fpga\impl\synplify\rev_1\synwork\gowin_empu_comp.srs to C:\Users\Grant\Documents\Gowin\IID_BroadKey\IID_BroadKey.git\trunk\fpga\impl\synplify\rev_1\gowin_empu.srs

compiler completed
# Mon Apr 29 15:20:54 2019

Return Code: 0
Run Time:00h:00m:02s

Running: multi_srs_gen (Multi-srs Generator) on gowin_empu|rev_1
# Mon Apr 29 15:20:54 2019

multi_srs_gen completed
# Mon Apr 29 15:20:54 2019

Return Code: 0
Run Time:00h:00m:00s
Copied C:\Users\Grant\Documents\Gowin\IID_BroadKey\IID_BroadKey.git\trunk\fpga\impl\synplify\rev_1\synwork\gowin_empu_mult.srs to C:\Users\Grant\Documents\Gowin\IID_BroadKey\IID_BroadKey.git\trunk\fpga\impl\synplify\rev_1\gowin_empu.srs
Complete: Compile Process on gowin_empu|rev_1

Running: premap (Premap) on gowin_empu|rev_1
# Mon Apr 29 15:20:54 2019

premap completed
# Mon Apr 29 15:20:56 2019

Return Code: 0
Run Time:00h:00m:02s
Complete: Compile on gowin_empu|rev_1

Running Flow: map (Map) on gowin_empu|rev_1
# Mon Apr 29 15:20:56 2019

Running: fpga_mapper (Map & Optimize) on gowin_empu|rev_1
# Mon Apr 29 15:20:56 2019
Copied C:\Users\Grant\Documents\Gowin\IID_BroadKey\IID_BroadKey.git\trunk\fpga\impl\synplify\rev_1\synwork\gowin_empu_m.srm to C:\Users\Grant\Documents\Gowin\IID_BroadKey\IID_BroadKey.git\trunk\fpga\impl\synplify\rev_1\gowin_empu.srm

fpga_mapper completed with warnings
# Mon Apr 29 15:21:00 2019

Return Code: 1
Run Time:00h:00m:04s
Complete: Map on gowin_empu|rev_1
Complete: Logic Synthesis on gowin_empu|rev_1
exit status=0
exit status=0
License checkin: synplifypro_gowin
