
Copyright (C) 1994-2019 Synopsys, Inc.
This Synopsys software and all associated documentation are proprietary to Synopsys, Inc.
and may only be used pursuant to the terms and conditions of a written license agreement
with Synopsys, Inc. All other use, reproduction, modification, or distribution of the
Synopsys software or the associated documentation is strictly prohibited.
Tool: Synplify Pro (R)
Build: O-2018.09G-SP1
Install: C:\Gowin\Gowin_YunYuan_V1.9.0Beta\SynplifyPro
OS: Windows 6.2

Hostname: LAPTOP-7P3FEATO

Implementation : rev_1

# Written on Thu Mar  7 13:32:26 2019

##### DESIGN INFO #######################################################

Top View:                "Gowin_EMPU"
Constraint File(s):      (none)




##### SUMMARY ############################################################

Found 0 issues in 0 out of 0 constraints


##### DETAILS ############################################################



Clock Relationships
*******************

Starting                            Ending                              |     rise to rise     |     fall to fall     |     rise to fall     |     fall to rise                     
-----------------------------------------------------------------------------------------------------------------------------------------------------------------------------------
System                              System                              |     4.496            |     No paths         |     4.496            |     No paths                         
System                              GW_CLKDIV|clkout_inferred_clock     |     10.000           |     No paths         |     No paths         |     10.000                           
GW_CLKDIV|clkout_inferred_clock     System                              |     10.000           |     No paths         |     10.000           |     No paths                         
GW_CLKDIV|clkout_inferred_clock     GW_CLKDIV|clkout_inferred_clock     |     10.000           |     No paths         |     5.000            |     5.000                            
===================================================================================================================================================================================
 Note: 'No paths' indicates there are no paths in the design for that pair of clock edges.
       'Diff grp' indicates that paths exist but the starting clock and ending clock are in different clock groups.


Unconstrained Start/End Points
******************************

p:gpio[0] (bidir end point)
p:gpio[0] (bidir start point)
p:gpio[1] (bidir end point)
p:gpio[1] (bidir start point)
p:gpio[2] (bidir end point)
p:gpio[2] (bidir start point)
p:gpio[3] (bidir end point)
p:gpio[3] (bidir start point)
p:gpio[4] (bidir end point)
p:gpio[4] (bidir start point)
p:gpio[5] (bidir end point)
p:gpio[5] (bidir start point)
p:gpio[6] (bidir end point)
p:gpio[6] (bidir start point)
p:gpio[7] (bidir end point)
p:gpio[7] (bidir start point)
p:gpio[8] (bidir end point)
p:gpio[8] (bidir start point)
p:gpio[9] (bidir end point)
p:gpio[9] (bidir start point)
p:gpio[10] (bidir end point)
p:gpio[10] (bidir start point)
p:gpio[11] (bidir end point)
p:gpio[11] (bidir start point)
p:gpio[12] (bidir end point)
p:gpio[12] (bidir start point)
p:gpio[13] (bidir end point)
p:gpio[13] (bidir start point)
p:gpio[14] (bidir end point)
p:gpio[14] (bidir start point)
p:gpio[15] (bidir end point)
p:gpio[15] (bidir start point)
p:reset_n
p:scl
p:sda
p:sys_clk
p:uart0_rxd
p:uart0_txd


Inapplicable constraints
************************

(none)


Applicable constraints with issues
**********************************

(none)


Constraints with matching wildcard expressions
**********************************************

(none)


Library Report
**************


# End of Constraint Checker Report
