
Copyright (C) 1994-2019 Synopsys, Inc.
This Synopsys software and all associated documentation are proprietary to Synopsys, Inc.
and may only be used pursuant to the terms and conditions of a written license agreement
with Synopsys, Inc. All other use, reproduction, modification, or distribution of the
Synopsys software or the associated documentation is strictly prohibited.
Tool: Synplify Pro (R)
Build: O-2018.09G-SP1
Install: C:\Gowin\Gowin_YunYuan_V1.9.0Beta\SynplifyPro
OS: Windows 6.2

Hostname: LAPTOP-7P3FEATO

Implementation : rev_1

# Written on Thu Mar  7 13:32:24 2019

##### FILES SYNTAX CHECKED ##############################################
Constraint File(s):      (none)

#Run constraint checker to find more issues with constraints.
#########################################################################



No issues found in constraint syntax.



Clock Summary
*************

          Start                               Requested     Requested     Clock        Clock                     Clock
Level     Clock                               Frequency     Period        Type         Group                     Load 
----------------------------------------------------------------------------------------------------------------------
0 -       System                              222.4 MHz     4.496         system       system_clkgroup           64   
                                                                                                                      
0 -       GW_CLKDIV|clkout_inferred_clock     100.0 MHz     10.000        inferred     Autoconstr_clkgroup_0     401  
======================================================================================================================


Clock Load Summary
******************

                                    Clock     Source                                                Clock Pin                                                                                 Non-clock Pin     Non-clock Pin                                                                              
Clock                               Load      Pin                                                   Seq Example                                                                               Seq Example       Comb Example                                                                               
-----------------------------------------------------------------------------------------------------------------------------------------------------------------------------------------------------------------------------------------------------------------------------------------------------------
System                              64        -                                                     Gowin_EMPU_inst.u_gw_peripherals_interconnect.u_gw_apb2_uart_tx.read_reg_byte[31:0].C     -                 -                                                                                          
                                                                                                                                                                                                                                                                                                           
GW_CLKDIV|clkout_inferred_clock     401       Gowin_EMPU_inst.sysclk.clkdiv_inst.CLKOUT(CLKDIV)     Gowin_EMPU_inst.u_gw_peripherals_interconnect.u_gw_apb2_uart_tx.reg_1[31:0].C             -                 Gowin_EMPU_inst.u_gw_peripherals_interconnect.u_gw_cmsdk_apb2_spi.u_spi.un1_CLK_I.I[0](inv)
===========================================================================================================================================================================================================================================================================================================
