One matching license found for this product: synplifypro_gowin

Starting:    C:\Gowin\Gowin_YunYuan_V1.9.0Beta\SynplifyPro\bin64\mbin\synbatch.exe
Install:     C:\Gowin\Gowin_YunYuan_V1.9.0Beta\SynplifyPro
Hostname:    LAPTOP-7P3FEATO
Date:        Thu Mar  7 13:32:21 2019
Version:     O-2018.09G-SP1

Arguments:   -product synplify_pro -batch C:/Users/Grant/Documents/Gowin/DK-START-GW1NS2-LED-test-demo/fpga/src/gowin_empu/temp/gw_empu/gw_empu.prj
ProductType: synplify_pro

License checkout: synplifypro_gowin
License: synplifypro_gowin node-locked 
Licensed Vendor: gowin

Running in Vendor Mode

auto_infer_blackbox is not supported in current product.
log file: "C:\Users\Grant\Documents\Gowin\DK-START-GW1NS2-LED-test-demo\fpga\src\gowin_empu\temp\gw_empu\rev_1\gowin_empu.srr"
Running: rev_1 in foreground

Running gw_empu|rev_1

Running Flow: compile (Compile) on gw_empu|rev_1
# Thu Mar  7 13:32:21 2019

Running Flow: compile_flow (Compile Process) on gw_empu|rev_1
# Thu Mar  7 13:32:21 2019

Running: compiler (Compile Input) on gw_empu|rev_1
# Thu Mar  7 13:32:21 2019
Copied C:\Users\Grant\Documents\Gowin\DK-START-GW1NS2-LED-test-demo\fpga\src\gowin_empu\temp\gw_empu\rev_1\synwork\gowin_empu_comp.srs to C:\Users\Grant\Documents\Gowin\DK-START-GW1NS2-LED-test-demo\fpga\src\gowin_empu\temp\gw_empu\rev_1\gowin_empu.srs

compiler completed
# Thu Mar  7 13:32:24 2019

Return Code: 0
Run Time:00h:00m:03s

Running: multi_srs_gen (Multi-srs Generator) on gw_empu|rev_1
# Thu Mar  7 13:32:24 2019

multi_srs_gen completed
# Thu Mar  7 13:32:24 2019

Return Code: 0
Run Time:00h:00m:00s
Copied C:\Users\Grant\Documents\Gowin\DK-START-GW1NS2-LED-test-demo\fpga\src\gowin_empu\temp\gw_empu\rev_1\synwork\gowin_empu_mult.srs to C:\Users\Grant\Documents\Gowin\DK-START-GW1NS2-LED-test-demo\fpga\src\gowin_empu\temp\gw_empu\rev_1\gowin_empu.srs
Complete: Compile Process on gw_empu|rev_1

Running: premap (Premap) on gw_empu|rev_1
# Thu Mar  7 13:32:24 2019

premap completed
# Thu Mar  7 13:32:26 2019

Return Code: 0
Run Time:00h:00m:02s
Complete: Compile on gw_empu|rev_1

Running Flow: map (Map) on gw_empu|rev_1
# Thu Mar  7 13:32:26 2019

Running: fpga_mapper (Map & Optimize) on gw_empu|rev_1
# Thu Mar  7 13:32:26 2019
Copied C:\Users\Grant\Documents\Gowin\DK-START-GW1NS2-LED-test-demo\fpga\src\gowin_empu\temp\gw_empu\rev_1\synwork\gowin_empu_m.srm to C:\Users\Grant\Documents\Gowin\DK-START-GW1NS2-LED-test-demo\fpga\src\gowin_empu\temp\gw_empu\rev_1\gowin_empu.srm

fpga_mapper completed with warnings
# Thu Mar  7 13:32:34 2019

Return Code: 1
Run Time:00h:00m:08s
Complete: Map on gw_empu|rev_1
Complete: Logic Synthesis on gw_empu|rev_1
exit status=0
exit status=0
License checkin: synplifypro_gowin
