---------------------------------------
Resource Usage Report for Gowin_EMPU 

Mapping to part: gw1ns_2clqfp144-6
Cell usage:
ADC             1 use
ALU             139 uses
CLKDIV          1 use
DFFC            128 uses
DFFCE           266 uses
DFFNCE          3 uses
DFFP            2 uses
DFFPE           2 uses
DLNCE           1 use
DLNE            64 uses
DQCE            1 use
FLASH128K       1 use
GSR             2 uses
INV             21 uses
MCU             1 use
MUX2_LUT5       8 uses
MUX2_LUT6       4 uses
SP              4 uses
LUT2            75 uses
LUT3            186 uses
LUT4            240 uses

I/O ports: 22
I/O primitives: 22
IBUF           3 uses
IOBUF          16 uses
OBUF           3 uses

I/O Register bits:                  0
Register bits not including I/Os:   401 of 1296 (30%)

RAM/ROM usage summary
Block Rams : 4 of 4 (100%)


@S |Mapping Summary:
Total  LUTs: 501 (28%)

